<?xml version="1.0" encoding="UTF-8"?>
<!-- Generated by org.testng.reporters.JUnitReportReporter -->
<testsuite hostname="DESKTOP-DNLPQGU" failures="0" tests="1" name="Test" time="6.753" errors="0" timestamp="2024-02-23T13:15:16 IST" skipped="0">
  <testcase classname="Test" name="googleTest" time="6.753"/>
  <system-out/>
</testsuite> <!-- Test -->
